William Mills - Harrison & Assoc. 
William Mills - Harrison & Assoc. 
pdf-header: William Mills - Harrison & Assoc. 
William Mills - Harrison & Assoc. 
pdf-header: William Mills - Harrison & Assoc. 
pdf-header 1: William Mills - Harrison & Assoc. 
 -  
pdf-header:  -  
William Mills - Harrison & Assoc. 
pdf-header: William Mills - Harrison & Assoc. 
pdf-header 1: William Mills - Harrison & Assoc. 
pdf-header 2: William Mills - Harrison & Assoc. 
 -  
pdf-header:  -  
William Mills - Harrison & Assoc. 
pdf-header: William Mills - Harrison & Assoc. 
pdf-header 1: William Mills - Harrison & Assoc. 
pdf-header 2: William Mills - Harrison & Assoc. 
William Mills - Harrison & Assoc. 
pdf-header: William Mills - Harrison & Assoc. 
pdf-header 1: William Mills - Harrison & Assoc. 
pdf-header 2: William Mills - Harrison & Assoc. 
William Mills - Harrison & Assoc. 
pdf-header: William Mills - Harrison & Assoc. 
pdf-header 1: William Mills - Harrison & Assoc. 
pdf-header 2: William Mills - Harrison & Assoc. 
William Mills - Harrison & Assoc. 
pdf-header: William Mills - Harrison & Assoc. 
pdf-header 1: William Mills - Harrison & Assoc. 
pdf-header 2: William Mills - Harrison & Assoc. 
William Mills - Harrison & Assoc. 
pdf-header: William Mills - Harrison & Assoc. 
pdf-header 1: William Mills - Harrison & Assoc. 
pdf-header 2: William Mills - Harrison & Assoc. 
William Mills - Harrison & Assoc. 
pdf-header: William Mills - Harrison & Assoc. 
pdf-header 1: William Mills - Harrison & Assoc. 
pdf-header 2: William Mills - Harrison & Assoc. 
 -  
pdf-header:  -  
William Mills - Harrison & Assoc. 
pdf-header: William Mills - Harrison & Assoc. 
pdf-header 1: William Mills - Harrison & Assoc. 
pdf-header 2: William Mills - Harrison & Assoc. 
 -  
pdf-header:  -  
pdf-header 1:  -  
 -  
pdf-header:  -  
 -  
pdf-header:  -  
 -  
pdf-header:  -  
 -  
pdf-header:  -  
pdf-header 1:  -  
EEEEEEEEEEEEEEEEEEE - ERRRRRRRRRRRRRRRRRRRRRR 
pdf-header: EEEEEEEEEEEEEEEEEEE - ERRRRRRRRRRRRRRRRRRRRRR 
pdf-header 1: EEEEEEEEEEEEEEEEEEE - ERRRRRRRRRRRRRRRRRRRRRR 
pdf-header 2: EEEEEEEEEEEEEEEEEEE - ERRRRRRRRRRRRRRRRRRRRRR 
EEEEEEEEEEEEEEEEEEE - ERRRRRRRRRRRRRRRRRRRRRR 
pdf-header: EEEEEEEEEEEEEEEEEEE - ERRRRRRRRRRRRRRRRRRRRRR 
pdf-header 1: EEEEEEEEEEEEEEEEEEE - ERRRRRRRRRRRRRRRRRRRRRR 
pdf-header 2: EEEEEEEEEEEEEEEEEEE - ERRRRRRRRRRRRRRRRRRRRRR 
 -  
pdf-header:  -  
 -  
pdf-header:  -  
 -  
pdf-header:  -  
 -  
pdf-header:  -  
 -  
pdf-header:  -  
 -  
pdf-header:  -  
 -  
pdf-header:  -  
 -  
pdf-header:  -  
 -  
pdf-header:  -  
 -  
pdf-header:  -  
 -  
pdf-header:  -  
 -  
pdf-header:  -  
 -  
pdf-header:  -  
 -  
pdf-header:  -  
 -  
pdf-header:  -  
 -  
pdf-header:  -  
 -  
pdf-header:  -  
 -  
pdf-header:  -  
 -  
pdf-header:  -  
 -  
pdf-header:  -  
 -  
pdf-header:  -  
 -  
pdf-header:  -  
 -  
pdf-header:  -  
 -  
pdf-header:  -  
 -  
pdf-header:  -  
 -  
pdf-header:  -  
 -  
pdf-header:  -  
 -  
pdf-header:  -  
 -  
pdf-header:  -  
 -  
pdf-header:  -  
 -  
pdf-header:  -  
 -  
pdf-header:  -  
 -  
pdf-header:  -  
 -  
pdf-header:  -  
 -  
pdf-header:  -  
 -  
pdf-header:  -  
 -  
pdf-header:  -  
 -  
pdf-header:  -  
 -  
pdf-header:  -  
 -  
pdf-header:  -  
 -  
pdf-header:  -  
 -  
pdf-header:  -  
 -  
pdf-header:  -  
 -  
pdf-header:  -  
 -  
pdf-header:  -  
 -  
pdf-header:  -  
 -  
pdf-header:  -  
 -  
pdf-header:  -  
 -  
pdf-header:  -  
 -  
pdf-header:  -  
 -  
pdf-header:  -  
 -  
pdf-header:  -  
 -  
pdf-header:  -  
 -  
pdf-header:  -  
pdf-header 1:  -  
 -  
pdf-header:  -  
pdf-header 1:  -  
 -  
pdf-header:  -  
pdf-header 1:  -  
 -  
pdf-header:  -  
pdf-header 1:  -  
 -  
pdf-header:  -  
pdf-header 1:  -  
 -  
pdf-header:  -  
pdf-header 1:  -  
 -  
pdf-header:  -  
pdf-header 1:  -  
 -  
pdf-header:  -  
pdf-header 1:  -  
 -  
pdf-header:  -  
 -  
pdf-header:  -  
pdf-header 1:  -  
 -  
pdf-header:  -  
pdf-header 1:  -  
 -  
pdf-header:  -  
pdf-header 1:  -  
 -  
pdf-header:  -  
 -  
pdf-header:  -  
 -  
pdf-header:  -  
 -  
pdf-header:  -  
pdf-header 1:  -  
 -  
pdf-header:  -  
 -  
 -  
 -  
 -  
 -  
 -  
 -  
 -  
 -  
 -  
 -  
 -  
 -  
 -  
 -  
 -  
 -  
 -  
 -  
 -  
 -  
 -  
 -  
 -  
 -  
 -  
 -  
 -  
 -  
 -  
 -  
 -  
 -  
 -  
 -  
 -  
 -  
 -  
 -  
 -  
 -  
 -  
 -  
 -  
 -  
 -  
 -  
 -  
 -  
 -  
 -  
 -  
 -  
 -  
 -  
 -  
 -  
 -  
 -  
 -  
 -  
 -  
 -  
 -  
 -  
 -  
 -  
 -  
 -  
 -  
 -  
 -  
 -  
 -  
 -  
 -  
 -  
 -  
 -  
 -  
 -  
 -  
 -  
 -  
 -  
 -  
 -  
 -  
 -  
 -  
 -  
 -  
 -  
 -  
 -  
 -  
 -  
 -  
 -  
 -  
 -  
 -  
 -  
 -  
 -  
 -  
 -  
 -  
 -  
 -  
 -  
 -  
 -  
 -  
 -  
 -  
 -  
 -  
 -  
 -  
 -  
 -  
 -  
 -  
 -  
 -  
 -  
 -  
 -  
 -  
 -  
 -  
 -  
 -  
 -  
 -  
 -  
 -  
 -  
 -  
 -  
 -  
 -  
 -  
 -  
 -  
 -  
 -  
 -  
 -  
 -  
 -  
 -  
 -  
 -  
 -  
 -  
 -  
 -  
 -  
 -  
 -  
 -  
 -  
 -  
 -  
 -  
 -  
 -  
 -  
 -  
 -  
 -  
 -  
 -  
 -  
 -  
 -  
 -  
